<?xml version="1.0" encoding="UTF-8"?>
<!-- Generated by org.testng.reporters.JUnitReportReporter -->
<testsuite hostname="BASHA-ACER-DESKTOP-ST0K4HH" failures="0" tests="1" name="HybridProjectDemo.loginTest" time="5.672" errors="0" timestamp="2025-10-21T01:24:52 IST" skipped="0">
  <testcase classname="HybridProjectDemo.loginTest" name="testlogin" time="5.672"/>
</testsuite> <!-- HybridProjectDemo.loginTest -->
