<?xml version="1.0" encoding="UTF-8"?>
<!-- Generated by org.testng.reporters.JUnitReportReporter -->
<testsuite hostname="BASHA-ACER-DESKTOP-ST0K4HH" failures="0" tests="1" name="HybridProjectDemo.registrationTest" time="5.900" errors="0" timestamp="2025-10-21T01:24:52 IST" skipped="0">
  <testcase classname="HybridProjectDemo.registrationTest" name="homepage" time="5.900"/>
</testsuite> <!-- HybridProjectDemo.registrationTest -->
